Step 1: Generating gapped k-mer weights.
Calculating gapped k-mer weights
Loading files.
Found 21962 sequences to process.
Generating word weights.
Summary of sequences 1-500
Time Elapsed: 131.251641989 seconds
Average length of sequence: 300bp
Average size of dictionary for each sequence: 56362 entries
Current number of unique words: 860003

Summary of sequences 501-1000
Time Elapsed: 132.001284122 seconds
Average length of sequence: 300bp
Average size of dictionary for each sequence: 56865 entries
Current number of unique words: 860160

Summary of sequences 1001-1500
Time Elapsed: 131.858721018 seconds
Average length of sequence: 300bp
Average size of dictionary for each sequence: 56628 entries
Current number of unique words: 860160

Summary of sequences 1501-2000
Time Elapsed: 131.231873989 seconds
Average length of sequence: 300bp
Average size of dictionary for each sequence: 56501 entries
Current number of unique words: 860160

Summary of sequences 2001-2500
Time Elapsed: 131.685159922 seconds
Average length of sequence: 300bp
Average size of dictionary for each sequence: 56748 entries
Current number of unique words: 860160

Summary of sequences 2501-3000
Time Elapsed: 131.987314939 seconds
Average length of sequence: 300bp
Average size of dictionary for each sequence: 56942 entries
Current number of unique words: 860160

Summary of sequences 3001-3500
Time Elapsed: 131.393725157 seconds
Average length of sequence: 300bp
Average size of dictionary for each sequence: 56594 entries
Current number of unique words: 860160

Summary of sequences 3501-4000
Time Elapsed: 131.139612913 seconds
Average length of sequence: 300bp
Average size of dictionary for each sequence: 56425 entries
Current number of unique words: 860160

Summary of sequences 4001-4500
Time Elapsed: 131.456212044 seconds
Average length of sequence: 300bp
Average size of dictionary for each sequence: 56476 entries
Current number of unique words: 860160

Summary of sequences 4501-5000
Time Elapsed: 131.49663496 seconds
Average length of sequence: 300bp
Average size of dictionary for each sequence: 56554 entries
Current number of unique words: 860160

Summary of sequences 5001-5500
Time Elapsed: 130.416162014 seconds
Average length of sequence: 300bp
Average size of dictionary for each sequence: 55859 entries
Current number of unique words: 860160

Summary of sequences 5501-6000
Time Elapsed: 132.141640902 seconds
Average length of sequence: 300bp
Average size of dictionary for each sequence: 56727 entries
Current number of unique words: 860160

Summary of sequences 6001-6500
Time Elapsed: 131.837424994 seconds
Average length of sequence: 300bp
Average size of dictionary for each sequence: 56570 entries
Current number of unique words: 860160

Summary of sequences 6501-7000
Time Elapsed: 130.830935001 seconds
Average length of sequence: 300bp
Average size of dictionary for each sequence: 56158 entries
Current number of unique words: 860160

Summary of sequences 7001-7500
Time Elapsed: 132.215373993 seconds
Average length of sequence: 300bp
Average size of dictionary for each sequence: 56630 entries
Current number of unique words: 860160

Summary of sequences 7501-8000
Time Elapsed: 131.783482075 seconds
Average length of sequence: 300bp
Average size of dictionary for each sequence: 56700 entries
Current number of unique words: 860160

Summary of sequences 8001-8500
Time Elapsed: 132.228425026 seconds
Average length of sequence: 300bp
Average size of dictionary for each sequence: 56983 entries
Current number of unique words: 860160

Summary of sequences 8501-9000
Time Elapsed: 132.423286915 seconds
Average length of sequence: 300bp
Average size of dictionary for each sequence: 57112 entries
Current number of unique words: 860160

Summary of sequences 9001-9500
Time Elapsed: 131.498454094 seconds
Average length of sequence: 300bp
Average size of dictionary for each sequence: 56520 entries
Current number of unique words: 860160

Summary of sequences 9501-10000
Time Elapsed: 131.352386951 seconds
Average length of sequence: 300bp
Average size of dictionary for each sequence: 56439 entries
Current number of unique words: 860160

Summary of sequences 10001-10500
Time Elapsed: 131.689976931 seconds
Average length of sequence: 300bp
Average size of dictionary for each sequence: 56604 entries
Current number of unique words: 860160

Summary of sequences 10501-11000
Time Elapsed: 130.434610128 seconds
Average length of sequence: 300bp
Average size of dictionary for each sequence: 55770 entries
Current number of unique words: 860160

Summary of sequences 11001-11500
Time Elapsed: 131.392039061 seconds
Average length of sequence: 300bp
Average size of dictionary for each sequence: 56444 entries
Current number of unique words: 860160

Summary of sequences 11501-12000
Time Elapsed: 131.243280888 seconds
Average length of sequence: 300bp
Average size of dictionary for each sequence: 56260 entries
Current number of unique words: 860160

Summary of sequences 12001-12500
Time Elapsed: 130.550759077 seconds
Average length of sequence: 300bp
Average size of dictionary for each sequence: 55873 entries
Current number of unique words: 860160

Summary of sequences 12501-13000
Time Elapsed: 132.037842035 seconds
Average length of sequence: 300bp
Average size of dictionary for each sequence: 56780 entries
Current number of unique words: 860160

Summary of sequences 13001-13500
Time Elapsed: 136.684080839 seconds
Average length of sequence: 300bp
Average size of dictionary for each sequence: 56159 entries
Current number of unique words: 860160

Summary of sequences 13501-14000
Time Elapsed: 137.492828131 seconds
Average length of sequence: 300bp
Average size of dictionary for each sequence: 55918 entries
Current number of unique words: 860160

Summary of sequences 14001-14500
Time Elapsed: 139.194108963 seconds
Average length of sequence: 300bp
Average size of dictionary for each sequence: 56328 entries
Current number of unique words: 860160

Summary of sequences 14501-15000
Time Elapsed: 138.943949938 seconds
Average length of sequence: 300bp
Average size of dictionary for each sequence: 56120 entries
Current number of unique words: 860160

Summary of sequences 15001-15500
Time Elapsed: 139.919155121 seconds
Average length of sequence: 300bp
Average size of dictionary for each sequence: 56650 entries
Current number of unique words: 860160

Summary of sequences 15501-16000
Time Elapsed: 138.036393881 seconds
Average length of sequence: 300bp
Average size of dictionary for each sequence: 55423 entries
Current number of unique words: 860160

Summary of sequences 16001-16500
Time Elapsed: 139.210055113 seconds
Average length of sequence: 300bp
Average size of dictionary for each sequence: 56139 entries
Current number of unique words: 860160

Summary of sequences 16501-17000
Time Elapsed: 137.778982878 seconds
Average length of sequence: 300bp
Average size of dictionary for each sequence: 56303 entries
Current number of unique words: 860160

Summary of sequences 17001-17500
Time Elapsed: 137.933814049 seconds
Average length of sequence: 300bp
Average size of dictionary for each sequence: 56352 entries
Current number of unique words: 860160

Summary of sequences 17501-18000
Time Elapsed: 137.891141891 seconds
Average length of sequence: 300bp
Average size of dictionary for each sequence: 56331 entries
Current number of unique words: 860160

Summary of sequences 18001-18500
Time Elapsed: 136.985344172 seconds
Average length of sequence: 300bp
Average size of dictionary for each sequence: 55801 entries
Current number of unique words: 860160

Summary of sequences 18501-19000
Time Elapsed: 136.930179834 seconds
Average length of sequence: 300bp
Average size of dictionary for each sequence: 55751 entries
Current number of unique words: 860160

Summary of sequences 19001-19500
Time Elapsed: 137.9632411 seconds
Average length of sequence: 300bp
Average size of dictionary for each sequence: 56365 entries
Current number of unique words: 860160

Summary of sequences 19501-20000
Time Elapsed: 137.957125902 seconds
Average length of sequence: 300bp
Average size of dictionary for each sequence: 56328 entries
Current number of unique words: 860160

Summary of sequences 20001-20500
Time Elapsed: 136.42615509 seconds
Average length of sequence: 300bp
Average size of dictionary for each sequence: 55447 entries
Current number of unique words: 860160

Summary of sequences 20501-21000
Time Elapsed: 137.31360507 seconds
Average length of sequence: 300bp
Average size of dictionary for each sequence: 55989 entries
Current number of unique words: 860160

Summary of sequences 21001-21500
Time Elapsed: 137.751603842 seconds
Average length of sequence: 300bp
Average size of dictionary for each sequence: 56266 entries
Current number of unique words: 860160

Done generating. Total time elapsed to process 21962 sequences: 98 minutes 9 seconds
Number of unique words in dictionary after removing reverse compliments: 430400
Filtering Top Gapped k-mers.
Flag has been set to only consider positive weights.
Number of important words: 11573
Step 2: Creating feature matrix.
Creating feature matrix.
Currently processing sequence: 500
Currently processing sequence: 1000
Currently processing sequence: 1500
Currently processing sequence: 2000
Currently processing sequence: 2500
Currently processing sequence: 3000
Currently processing sequence: 3500
Currently processing sequence: 4000
Currently processing sequence: 4500
Currently processing sequence: 5000
Currently processing sequence: 5500
Currently processing sequence: 6000
Currently processing sequence: 6500
Currently processing sequence: 7000
Currently processing sequence: 7500
Currently processing sequence: 8000
Currently processing sequence: 8500
Currently processing sequence: 9000
Currently processing sequence: 9500
Currently processing sequence: 10000
Currently processing sequence: 10500
Currently processing sequence: 11000
Currently processing sequence: 11500
Currently processing sequence: 12000
Currently processing sequence: 12500
Currently processing sequence: 13000
Currently processing sequence: 13500
Currently processing sequence: 14000
Currently processing sequence: 14500
Currently processing sequence: 15000
Currently processing sequence: 15500
Currently processing sequence: 16000
Currently processing sequence: 16500
Currently processing sequence: 17000
Currently processing sequence: 17500
Currently processing sequence: 18000
Currently processing sequence: 18500
Currently processing sequence: 19000
Currently processing sequence: 19500
Currently processing sequence: 20000
Currently processing sequence: 20500
Currently processing sequence: 21000
Currently processing sequence: 21500
Currently processing sequence: 22000
Done. Time Elapsed: 29 minutes 12 seconds
Step 3: Generating l-mer weights.
Calculating l-mer weights.
Currently on lmer: 50000
Currently on lmer: 100000
Currently on lmer: 150000
Currently on lmer: 200000
Currently on lmer: 250000
Currently on lmer: 300000
Currently on lmer: 350000
Currently on lmer: 400000
Currently on lmer: 450000
Currently on lmer: 500000
Currently on lmer: 550000
Currently on lmer: 600000
Currently on lmer: 650000
Currently on lmer: 700000
Currently on lmer: 750000
Currently on lmer: 800000
Currently on lmer: 850000
Currently on lmer: 900000
Currently on lmer: 950000
Currently on lmer: 1000000
Writing results to file.
Step 4: Creating position weights.
Loading in sequences.
Number of sequences loaded in: 22384
Length of longest sequence: 300
Creating Position Weights.
Currently process sequence: 1000	 Time Elapsed: 0.23 seconds
Currently process sequence: 2000	 Time Elapsed: 0.2 seconds
Currently process sequence: 3000	 Time Elapsed: 0.2 seconds
Currently process sequence: 4000	 Time Elapsed: 0.2 seconds
Currently process sequence: 5000	 Time Elapsed: 0.2 seconds
Currently process sequence: 6000	 Time Elapsed: 0.2 seconds
Currently process sequence: 7000	 Time Elapsed: 0.2 seconds
Currently process sequence: 8000	 Time Elapsed: 0.2 seconds
Currently process sequence: 9000	 Time Elapsed: 0.2 seconds
Currently process sequence: 10000	 Time Elapsed: 0.2 seconds
Currently process sequence: 11000	 Time Elapsed: 0.2 seconds
Currently process sequence: 12000	 Time Elapsed: 0.2 seconds
Currently process sequence: 13000	 Time Elapsed: 0.2 seconds
Currently process sequence: 14000	 Time Elapsed: 0.2 seconds
Currently process sequence: 15000	 Time Elapsed: 0.2 seconds
Currently process sequence: 16000	 Time Elapsed: 0.2 seconds
Currently process sequence: 17000	 Time Elapsed: 0.21 seconds
Currently process sequence: 18000	 Time Elapsed: 0.2 seconds
Currently process sequence: 19000	 Time Elapsed: 0.2 seconds
Currently process sequence: 20000	 Time Elapsed: 0.2 seconds
Currently process sequence: 21000	 Time Elapsed: 0.2 seconds
Currently process sequence: 22000	 Time Elapsed: 0.2 seconds
Done generating. Total time elapsed to process 22384 sequences: 0 minutes 4 seconds
Writing PW matrix to output file.
Done writing. File can be found in gm12878Data_new/gm12878_position_weights2.out
